<?xml version="1.0" encoding="UTF-8" ?>
<testsuite failures="0" time="9.251" errors="1" skipped="0" tests="3" name="twitter4j.ApacheHttpClientTest">
  <properties>
    <property name="java.runtime.name" value="Java(TM) SE Runtime Environment"/>
    <property name="sun.boot.library.path" value="/System/Library/Frameworks/JavaVM.framework/Versions/1.6.0/Libraries"/>
    <property name="java.vm.version" value="14.3-b01-101"/>
    <property name="awt.nativeDoubleBuffering" value="true"/>
    <property name="gopherProxySet" value="false"/>
    <property name="mrj.build" value="10M3025"/>
    <property name="java.vm.vendor" value="Apple Inc."/>
    <property name="java.vendor.url" value="http://www.apple.com/"/>
    <property name="path.separator" value=":"/>
    <property name="java.vm.name" value="Java HotSpot(TM) 64-Bit Server VM"/>
    <property name="file.encoding.pkg" value="sun.io"/>
    <property name="user.country" value="US"/>
    <property name="sun.java.launcher" value="SUN_STANDARD"/>
    <property name="sun.os.patch.level" value="unknown"/>
    <property name="java.vm.specification.name" value="Java Virtual Machine Specification"/>
    <property name="user.dir" value="/Users/yusukey/opensource/twitter4j/twitter4j-apache-httpclient-support"/>
    <property name="java.runtime.version" value="1.6.0_17-b04-248-10M3025"/>
    <property name="java.awt.graphicsenv" value="apple.awt.CGraphicsEnvironment"/>
    <property name="basedir" value="/Users/yusukey/opensource/twitter4j/twitter4j-apache-httpclient-support"/>
    <property name="java.endorsed.dirs" value="/System/Library/Frameworks/JavaVM.framework/Versions/1.6.0/Home/lib/endorsed"/>
    <property name="os.arch" value="x86_64"/>
    <property name="surefire.real.class.path" value="/var/folders/dn/dny7KQWdEuGgIXS6CsRYuk+++TI/-Tmp-/surefirebooter1443470065513682655.jar"/>
    <property name="java.io.tmpdir" value="/var/folders/dn/dny7KQWdEuGgIXS6CsRYuk+++TI/-Tmp-/"/>
    <property name="line.separator" value="
"/>
    <property name="java.vm.specification.vendor" value="Sun Microsystems Inc."/>
    <property name="os.name" value="Mac OS X"/>
    <property name="sun.jnu.encoding" value="MacRoman"/>
    <property name="java.library.path" value=".:/Library/Java/Extensions:/System/Library/Java/Extensions:/usr/lib/java"/>
    <property name="surefire.test.class.path" value="/Users/yusukey/opensource/twitter4j/twitter4j-apache-httpclient-support/target/test-classes:/Users/yusukey/opensource/twitter4j/twitter4j-apache-httpclient-support/target/classes:/Users/yusukey/.m2/repository/org/twitter4j/twitter4j-core/2.1.2-SNAPSHOT/twitter4j-core-2.1.2-SNAPSHOT.jar:/Users/yusukey/.m2/repository/junit/junit/3.8.2/junit-3.8.2.jar:/Users/yusukey/.m2/repository/org/apache/httpcomponents/httpclient/4.1-alpha1/httpclient-4.1-alpha1.jar:/Users/yusukey/.m2/repository/org/apache/httpcomponents/httpcore/4.1-alpha1/httpcore-4.1-alpha1.jar:/Users/yusukey/.m2/repository/commons-logging/commons-logging/1.1.1/commons-logging-1.1.1.jar:/Users/yusukey/.m2/repository/commons-codec/commons-codec/1.3/commons-codec-1.3.jar:/Users/yusukey/.m2/repository/org/apache/httpcomponents/httpmime/4.1-alpha1/httpmime-4.1-alpha1.jar:/Users/yusukey/.m2/repository/org/apache/james/apache-mime4j/0.6/apache-mime4j-0.6.jar:"/>
    <property name="java.specification.name" value="Java Platform API Specification"/>
    <property name="java.class.version" value="50.0"/>
    <property name="sun.management.compiler" value="HotSpot 64-Bit Server Compiler"/>
    <property name="os.version" value="10.6.3"/>
    <property name="user.home" value="/Users/yusukey"/>
    <property name="user.timezone" value="Asia/Tokyo"/>
    <property name="java.awt.printerjob" value="apple.awt.CPrinterJob"/>
    <property name="java.specification.version" value="1.6"/>
    <property name="file.encoding" value="MacRoman"/>
    <property name="user.name" value="yusukey"/>
    <property name="java.class.path" value="/Users/yusukey/opensource/twitter4j/twitter4j-apache-httpclient-support/target/test-classes:/Users/yusukey/opensource/twitter4j/twitter4j-apache-httpclient-support/target/classes:/Users/yusukey/.m2/repository/org/twitter4j/twitter4j-core/2.1.2-SNAPSHOT/twitter4j-core-2.1.2-SNAPSHOT.jar:/Users/yusukey/.m2/repository/junit/junit/3.8.2/junit-3.8.2.jar:/Users/yusukey/.m2/repository/org/apache/httpcomponents/httpclient/4.1-alpha1/httpclient-4.1-alpha1.jar:/Users/yusukey/.m2/repository/org/apache/httpcomponents/httpcore/4.1-alpha1/httpcore-4.1-alpha1.jar:/Users/yusukey/.m2/repository/commons-logging/commons-logging/1.1.1/commons-logging-1.1.1.jar:/Users/yusukey/.m2/repository/commons-codec/commons-codec/1.3/commons-codec-1.3.jar:/Users/yusukey/.m2/repository/org/apache/httpcomponents/httpmime/4.1-alpha1/httpmime-4.1-alpha1.jar:/Users/yusukey/.m2/repository/org/apache/james/apache-mime4j/0.6/apache-mime4j-0.6.jar:"/>
    <property name="java.vm.specification.version" value="1.0"/>
    <property name="sun.arch.data.model" value="64"/>
    <property name="java.home" value="/System/Library/Frameworks/JavaVM.framework/Versions/1.6.0/Home"/>
    <property name="java.specification.vendor" value="Sun Microsystems Inc."/>
    <property name="user.language" value="en"/>
    <property name="awt.toolkit" value="apple.awt.CToolkit"/>
    <property name="java.vm.info" value="mixed mode"/>
    <property name="java.version" value="1.6.0_17"/>
    <property name="java.ext.dirs" value="/Library/Java/Extensions:/System/Library/Java/Extensions:/System/Library/Frameworks/JavaVM.framework/Versions/1.6.0/Home/lib/ext"/>
    <property name="sun.boot.class.path" value="/System/Library/Frameworks/JavaVM.framework/Versions/1.6.0/Classes/jsfd.jar:/System/Library/Frameworks/JavaVM.framework/Versions/1.6.0/Classes/classes.jar:/System/Library/Frameworks/JavaVM.framework/Frameworks/JavaRuntimeSupport.framework/Resources/Java/JavaRuntimeSupport.jar:/System/Library/Frameworks/JavaVM.framework/Versions/1.6.0/Classes/ui.jar:/System/Library/Frameworks/JavaVM.framework/Versions/1.6.0/Classes/laf.jar:/System/Library/Frameworks/JavaVM.framework/Versions/1.6.0/Classes/sunrsasign.jar:/System/Library/Frameworks/JavaVM.framework/Versions/1.6.0/Classes/jsse.jar:/System/Library/Frameworks/JavaVM.framework/Versions/1.6.0/Classes/jce.jar:/System/Library/Frameworks/JavaVM.framework/Versions/1.6.0/Classes/charsets.jar"/>
    <property name="java.vendor" value="Apple Inc."/>
    <property name="localRepository" value="/Users/yusukey/.m2/repository"/>
    <property name="file.separator" value="/"/>
    <property name="java.vendor.url.bug" value="http://bugreport.apple.com/"/>
    <property name="sun.cpu.endian" value="little"/>
    <property name="sun.io.unicode.encoding" value="UnicodeLittle"/>
    <property name="mrj.version" value="1060.1.6.0_17-248"/>
    <property name="sun.cpu.isalist" value=""/>
  </properties>
  <testcase time="5.652" classname="twitter4j.ApacheHttpClientTest" name="testGet"/>
  <testcase time="3.563" classname="twitter4j.ApacheHttpClientTest" name="testPost"/>
  <testcase time="0.003" classname="twitter4j.ApacheHttpClientTest" name="testMultipartPost">
    <error message="java.io.FileNotFoundException: src/test/resources/t4j-reverse.png is not found." type="twitter4j.TwitterException">twitter4j.TwitterException: java.io.FileNotFoundException: src/test/resources/t4j-reverse.png is not found.
	at twitter4j.Twitter.checkFileValidity(Twitter.java:1225)
	at twitter4j.Twitter.updateProfileBackgroundImage(Twitter.java:1208)
	at twitter4j.ApacheHttpClientTest.testMultipartPost(ApacheHttpClientTest.java:85)
Caused by: java.io.FileNotFoundException: src/test/resources/t4j-reverse.png is not found.
	... 29 more
</error>
  </testcase>
</testsuite>